<?xml version="1.0" encoding="UTF-8"?>
<!-- Generated by org.testng.reporters.JUnitReportReporter -->
<testsuite skipped="0" hostname="DESKTOP-5BE31TS" name="com.cagla.testcases.FirsatlarTest" tests="1" failures="0" timestamp="02 Jun 2021 13:11:08 GMT" time="1.323" errors="0">
  <testcase name="firsatlarTest" time="1.323" classname="com.cagla.testcases.FirsatlarTest"/>
</testsuite> <!-- com.cagla.testcases.FirsatlarTest -->
