<?xml version="1.0" encoding="UTF-8"?>
<!-- Generated by org.testng.reporters.JUnitReportReporter -->
<testsuite skipped="0" hostname="DESKTOP-5BE31TS" name="com.cagla.testcases.UrunIncelemeTest" tests="1" failures="0" timestamp="02 Jun 2021 13:11:08 GMT" time="3.119" errors="0">
  <testcase name="urunIncelemeTest" time="3.119" classname="com.cagla.testcases.UrunIncelemeTest"/>
</testsuite> <!-- com.cagla.testcases.UrunIncelemeTest -->
